Namespace(dataset='modelnet40', batch_size=32, test_batch_size=16, epochs=250, use_sgd=True, lr=0.0001, momentum=0.9, no_cuda=False, seed=0, eval=False, num_points=1024, model_path='', model='pointnet_VecKM')
Using GPU : 0 from 1 devices
#parameters: 1325864
Experiment Model: pointnet_VecKM
DataParallel(
  (module): get_model(
    (vkm_feat): Sequential(
      (0): VecKM(alpha=20, beta=6.0, d=256), positional_encoding=True
      (1): ComplexLinear(
        (fc_r): Linear(in_features=256, out_features=256, bias=True)
        (fc_i): Linear(in_features=256, out_features=256, bias=True)
      )
      (2): ComplexReLU()
      (3): ComplexLinear(
        (fc_r): Linear(in_features=256, out_features=1024, bias=True)
        (fc_i): Linear(in_features=256, out_features=1024, bias=True)
      )
    )
    (clf1): Linear(in_features=1024, out_features=512, bias=True)
    (clf2): Linear(in_features=512, out_features=256, bias=True)
    (clf3): Linear(in_features=256, out_features=40, bias=True)
    (dropout): Dropout(p=0.4, inplace=False)
    (bn_clf1): BatchNorm1d(512, eps=1e-05, momentum=0.1, affine=True, track_running_stats=True)
    (bn_clf2): BatchNorm1d(256, eps=1e-05, momentum=0.1, affine=True, track_running_stats=True)
  )
)
Use SGD
Train 0, loss: 2.394509, train acc: 0.566063, train avg acc: 0.379366
test total time batch statistics: [14.350336074829102, 14.363648414611816, 14.321663856506348, 14.317567825317383, 14.362624168395996, 14.334976196289062, 14.28991985321045, 14.322688102722168, 14.325759887695312, 14.315520286560059, 14.303232192993164, 14.291744232177734, 14.296064376831055, 14.30016040802002, 14.296064376831055, 14.26534366607666, 14.305279731750488, 14.292991638183594, 14.288895606994629, 14.27558422088623, 14.324735641479492, 14.325759887695312, 14.3340482711792, 14.292991638183594, 14.287872314453125, 14.29206371307373, 14.302207946777344, 14.29094409942627, 14.29196834564209, 14.295904159545898, 14.311264038085938, 14.299072265625, 14.274720191955566, 14.33471965789795, 14.330880165100098, 14.32595157623291, 14.294015884399414, 14.328767776489258, 14.323712348937988, 14.321663856506348, 14.299039840698242, 14.296064376831055, 14.29916763305664, 14.294912338256836, 14.292991638183594, 14.266240119934082, 14.30016040802002, 14.449440002441406, 14.309375762939453, 14.2673921585083, 14.332927703857422, 14.339167594909668, 14.322624206542969, 14.292096138000488, 14.310367584228516, 14.292991638183594, 14.304256439208984, 14.30835247039795, 14.2673921585083, 14.291999816894531, 14.303232192993164, 14.292799949645996, 14.264575958251953, 14.341119766235352, 14.328831672668457, 14.314496040344238, 14.309599876403809, 14.287872314453125, 14.288960456848145, 14.316543579101562, 14.297087669372559, 14.298015594482422, 14.30016040802002, 14.28991985321045, 14.29702377319336, 14.27455997467041, 14.303168296813965, 14.318400382995605, 14.328831672668457, 14.484479904174805, 14.347455978393555, 14.326784133911133, 14.337087631225586, 14.305536270141602, 14.301183700561523, 14.287712097167969, 14.370816230773926, 14.28991985321045, 14.27455997467041, 14.322688102722168, 14.324607849121094, 14.32367992401123, 14.320639610290527, 14.329855918884277, 14.339103698730469, 14.319456100463867, 14.29196834564209, 14.321663856506348, 14.345312118530273, 14.327936172485352, 14.326784133911133, 14.314496040344238, 14.37388801574707, 14.30835247039795, 14.29094409942627, 14.27353572845459, 14.341119766235352, 14.325535774230957, 14.323712348937988, 14.299103736877441, 14.315520286560059, 14.320544242858887, 14.323712348937988, 14.302207946777344, 14.298111915588379, 14.294048309326172, 14.315520286560059, 14.298912048339844, 14.280511856079102, 14.296064376831055, 14.328831672668457, 14.326784133911133, 14.298303604125977, 14.329855918884277, 14.337023735046387, 14.319487571716309, 14.295040130615234, 14.29196834564209, 14.295040130615234, 14.292991638183594, 14.304256439208984, 14.295167922973633, 14.304256439208984, 14.297856330871582, 14.294015884399414, 14.275327682495117, 14.324511528015137, 14.324735641479492, 14.320639610290527, 14.294015884399414, 14.325759887695312, 14.325823783874512, 14.328831672668457].
test total time is mean/std/min/max: 14.311476133920095/0.028373572976394423/14.264575958251953/14.484479904174805.
Test 0, loss: 2.122676, test acc: 0.679498, test avg acc: 0.612203
Train 1, loss: 1.962941, train acc: 0.733917, train avg acc: 0.594369
Test 1, loss: 1.859680, test acc: 0.793760, test avg acc: 0.689163
Train 2, loss: 1.862164, train acc: 0.775550, train avg acc: 0.661792
Test 2, loss: 1.859314, test acc: 0.805916, test avg acc: 0.708785
Train 3, loss: 1.798803, train acc: 0.801710, train avg acc: 0.703237
Test 3, loss: 1.741403, test acc: 0.831848, test avg acc: 0.762994
Train 4, loss: 1.761172, train acc: 0.813721, train avg acc: 0.721734
Test 4, loss: 1.718927, test acc: 0.855348, test avg acc: 0.795593
Train 5, loss: 1.727448, train acc: 0.830008, train avg acc: 0.747164
Test 5, loss: 1.703706, test acc: 0.860211, test avg acc: 0.814779
Train 6, loss: 1.708180, train acc: 0.836930, train avg acc: 0.758308
Test 6, loss: 1.722117, test acc: 0.854133, test avg acc: 0.797238
Train 7, loss: 1.688113, train acc: 0.845989, train avg acc: 0.765930
Test 7, loss: 1.734342, test acc: 0.847650, test avg acc: 0.785866
Train 8, loss: 1.671645, train acc: 0.851588, train avg acc: 0.779128
Test 8, loss: 1.681305, test acc: 0.873987, test avg acc: 0.826099
Train 9, loss: 1.659637, train acc: 0.860647, train avg acc: 0.792359
Test 9, loss: 1.675377, test acc: 0.884522, test avg acc: 0.836872
Train 10, loss: 1.643088, train acc: 0.861564, train avg acc: 0.793903
Test 10, loss: 1.643098, test acc: 0.884522, test avg acc: 0.838395
Train 11, loss: 1.635388, train acc: 0.865330, train avg acc: 0.801944
Test 11, loss: 1.645691, test acc: 0.895867, test avg acc: 0.832721
Train 12, loss: 1.621635, train acc: 0.870623, train avg acc: 0.807280
Test 12, loss: 1.683359, test acc: 0.880875, test avg acc: 0.833244
Train 13, loss: 1.614700, train acc: 0.875611, train avg acc: 0.814101
Test 13, loss: 1.606084, test acc: 0.901135, test avg acc: 0.848587
Train 14, loss: 1.609122, train acc: 0.875102, train avg acc: 0.812665
Test 14, loss: 1.711486, test acc: 0.852917, test avg acc: 0.801349
Train 15, loss: 1.603076, train acc: 0.876425, train avg acc: 0.815581
Test 15, loss: 1.656086, test acc: 0.874392, test avg acc: 0.839331
Train 16, loss: 1.595077, train acc: 0.884059, train avg acc: 0.820861
Test 16, loss: 1.621615, test acc: 0.892220, test avg acc: 0.851797
Train 17, loss: 1.582943, train acc: 0.890676, train avg acc: 0.835395
Test 17, loss: 1.600329, test acc: 0.901135, test avg acc: 0.853959
Train 18, loss: 1.581308, train acc: 0.890167, train avg acc: 0.837183
Test 18, loss: 1.638050, test acc: 0.894246, test avg acc: 0.851320
Train 19, loss: 1.578626, train acc: 0.888029, train avg acc: 0.836212
Test 19, loss: 1.607257, test acc: 0.895867, test avg acc: 0.844366
Train 20, loss: 1.572021, train acc: 0.890574, train avg acc: 0.833795
Test 20, loss: 1.620341, test acc: 0.898703, test avg acc: 0.853890
Train 21, loss: 1.565502, train acc: 0.894849, train avg acc: 0.840359
Test 21, loss: 1.616722, test acc: 0.905997, test avg acc: 0.859576
Train 22, loss: 1.558220, train acc: 0.895969, train avg acc: 0.845404
Test 22, loss: 1.612980, test acc: 0.896677, test avg acc: 0.839000
Train 23, loss: 1.557916, train acc: 0.898107, train avg acc: 0.848255
Test 23, loss: 1.611235, test acc: 0.887358, test avg acc: 0.846552
Train 24, loss: 1.551854, train acc: 0.899634, train avg acc: 0.849249
Test 24, loss: 1.663182, test acc: 0.897893, test avg acc: 0.853256
Train 25, loss: 1.545352, train acc: 0.901364, train avg acc: 0.851500
Test 25, loss: 1.625279, test acc: 0.891410, test avg acc: 0.833994
Train 26, loss: 1.546091, train acc: 0.900957, train avg acc: 0.849723
Test 26, loss: 1.637256, test acc: 0.897488, test avg acc: 0.849855
Train 27, loss: 1.540122, train acc: 0.902484, train avg acc: 0.853386
Test 27, loss: 1.604373, test acc: 0.891410, test avg acc: 0.861169
Train 28, loss: 1.534453, train acc: 0.907980, train avg acc: 0.860221
Test 28, loss: 1.634415, test acc: 0.893031, test avg acc: 0.839634
Train 29, loss: 1.526958, train acc: 0.907980, train avg acc: 0.861513
Test 29, loss: 1.638115, test acc: 0.907618, test avg acc: 0.860052
Train 30, loss: 1.526295, train acc: 0.908388, train avg acc: 0.864102
Test 30, loss: 1.598392, test acc: 0.893841, test avg acc: 0.845547
Train 31, loss: 1.527063, train acc: 0.909100, train avg acc: 0.864859
Test 31, loss: 1.616991, test acc: 0.907212, test avg acc: 0.877250
Train 32, loss: 1.522678, train acc: 0.907675, train avg acc: 0.860384
Test 32, loss: 1.607931, test acc: 0.903566, test avg acc: 0.851959
Train 33, loss: 1.520182, train acc: 0.908693, train avg acc: 0.861965
Test 33, loss: 1.561753, test acc: 0.917747, test avg acc: 0.873203
Train 34, loss: 1.515673, train acc: 0.910831, train avg acc: 0.866629
Test 34, loss: 1.588547, test acc: 0.901945, test avg acc: 0.865500
Train 35, loss: 1.509549, train acc: 0.915106, train avg acc: 0.871580
Test 35, loss: 1.603764, test acc: 0.902350, test avg acc: 0.853640
Train 36, loss: 1.510992, train acc: 0.914800, train avg acc: 0.874073
Test 36, loss: 1.593229, test acc: 0.904376, test avg acc: 0.865547
Train 37, loss: 1.501431, train acc: 0.919585, train avg acc: 0.881316
Test 37, loss: 1.658023, test acc: 0.901135, test avg acc: 0.870674
Train 38, loss: 1.509504, train acc: 0.914902, train avg acc: 0.876244
Test 38, loss: 1.614151, test acc: 0.901135, test avg acc: 0.868709
Train 39, loss: 1.501790, train acc: 0.919788, train avg acc: 0.879769
Test 39, loss: 1.618705, test acc: 0.910454, test avg acc: 0.867628
Train 40, loss: 1.499583, train acc: 0.919890, train avg acc: 0.882507
Test 40, loss: 1.593180, test acc: 0.902755, test avg acc: 0.868512
Train 41, loss: 1.498428, train acc: 0.918974, train avg acc: 0.878900
Test 41, loss: 1.615002, test acc: 0.914100, test avg acc: 0.881326
Train 42, loss: 1.486815, train acc: 0.925896, train avg acc: 0.890437
Test 42, loss: 1.611282, test acc: 0.911669, test avg acc: 0.870703
Train 43, loss: 1.492457, train acc: 0.923962, train avg acc: 0.889694
Test 43, loss: 1.588122, test acc: 0.912075, test avg acc: 0.865500
Train 44, loss: 1.492291, train acc: 0.924980, train avg acc: 0.887334
Test 44, loss: 1.639962, test acc: 0.901135, test avg acc: 0.867797
Train 45, loss: 1.484256, train acc: 0.926099, train avg acc: 0.890202
Test 45, loss: 1.601305, test acc: 0.908833, test avg acc: 0.871372
Train 46, loss: 1.488695, train acc: 0.925183, train avg acc: 0.888204
Test 46, loss: 1.668664, test acc: 0.869530, test avg acc: 0.840692
Train 47, loss: 1.481906, train acc: 0.927219, train avg acc: 0.891627
Test 47, loss: 1.598519, test acc: 0.910454, test avg acc: 0.865453
Train 48, loss: 1.476866, train acc: 0.928135, train avg acc: 0.892226
Test 48, loss: 1.597103, test acc: 0.898703, test avg acc: 0.852180
Train 49, loss: 1.479275, train acc: 0.931189, train avg acc: 0.898124
Test 49, loss: 1.572304, test acc: 0.899919, test avg acc: 0.868965
Train 50, loss: 1.478207, train acc: 0.925183, train avg acc: 0.890191
Test 50, loss: 1.560710, test acc: 0.912480, test avg acc: 0.865953
Train 51, loss: 1.473232, train acc: 0.928237, train avg acc: 0.893253
Test 51, loss: 1.570116, test acc: 0.905186, test avg acc: 0.871076
Train 52, loss: 1.479238, train acc: 0.926812, train avg acc: 0.890340
Test 52, loss: 1.609246, test acc: 0.884117, test avg acc: 0.863419
Train 53, loss: 1.480502, train acc: 0.925998, train avg acc: 0.890006
Test 53, loss: 1.564936, test acc: 0.905592, test avg acc: 0.866122
Train 54, loss: 1.470816, train acc: 0.929967, train avg acc: 0.895276
Test 54, loss: 1.590557, test acc: 0.911669, test avg acc: 0.888250
Train 55, loss: 1.459722, train acc: 0.936482, train avg acc: 0.907368
Test 55, loss: 1.570989, test acc: 0.904376, test avg acc: 0.860331
Train 56, loss: 1.463342, train acc: 0.933530, train avg acc: 0.899911
Test 56, loss: 1.558079, test acc: 0.916532, test avg acc: 0.881337
Train 57, loss: 1.464458, train acc: 0.935362, train avg acc: 0.902437
Test 57, loss: 1.588059, test acc: 0.902350, test avg acc: 0.868913
Train 58, loss: 1.456269, train acc: 0.939129, train avg acc: 0.911602
Test 58, loss: 1.574666, test acc: 0.902755, test avg acc: 0.868936
Train 59, loss: 1.467059, train acc: 0.931596, train avg acc: 0.898581
Test 59, loss: 1.620762, test acc: 0.896677, test avg acc: 0.858715
Train 60, loss: 1.457968, train acc: 0.937296, train avg acc: 0.905682
Test 60, loss: 1.575730, test acc: 0.907618, test avg acc: 0.872715
Train 61, loss: 1.459701, train acc: 0.936177, train avg acc: 0.904962
Test 61, loss: 1.577152, test acc: 0.908428, test avg acc: 0.864715
Train 62, loss: 1.456008, train acc: 0.938213, train avg acc: 0.906849
Test 62, loss: 1.603878, test acc: 0.905186, test avg acc: 0.856750
Train 63, loss: 1.452461, train acc: 0.937602, train avg acc: 0.910069
Test 63, loss: 1.611328, test acc: 0.887358, test avg acc: 0.866890
Train 64, loss: 1.456806, train acc: 0.933734, train avg acc: 0.902168
Test 64, loss: 1.547263, test acc: 0.915316, test avg acc: 0.874372
Train 65, loss: 1.452032, train acc: 0.938213, train avg acc: 0.909506
Test 65, loss: 1.645373, test acc: 0.880470, test avg acc: 0.861140
Train 66, loss: 1.452647, train acc: 0.936991, train avg acc: 0.905043
Test 66, loss: 1.593025, test acc: 0.915721, test avg acc: 0.868831
Train 67, loss: 1.448859, train acc: 0.940248, train avg acc: 0.911181
Test 67, loss: 1.571051, test acc: 0.903971, test avg acc: 0.865837
Train 68, loss: 1.444771, train acc: 0.943506, train avg acc: 0.916376
Test 68, loss: 1.569648, test acc: 0.902755, test avg acc: 0.861459
Train 69, loss: 1.446682, train acc: 0.939536, train avg acc: 0.908542
Test 69, loss: 1.590388, test acc: 0.904376, test avg acc: 0.872959
Train 70, loss: 1.448535, train acc: 0.940147, train avg acc: 0.910537
Test 70, loss: 1.567243, test acc: 0.916532, test avg acc: 0.878919
Train 71, loss: 1.440344, train acc: 0.946254, train avg acc: 0.920339
Test 71, loss: 1.596289, test acc: 0.909238, test avg acc: 0.870052
Train 72, loss: 1.450085, train acc: 0.939739, train avg acc: 0.911327
Test 72, loss: 1.586631, test acc: 0.911264, test avg acc: 0.880424
Train 73, loss: 1.446287, train acc: 0.943200, train avg acc: 0.917254
Test 73, loss: 1.579346, test acc: 0.900324, test avg acc: 0.869169
Train 74, loss: 1.446057, train acc: 0.938111, train avg acc: 0.908761
Test 74, loss: 1.571735, test acc: 0.899109, test avg acc: 0.872552
Train 75, loss: 1.442070, train acc: 0.942997, train avg acc: 0.916255
Test 75, loss: 1.558051, test acc: 0.911264, test avg acc: 0.871581
Train 76, loss: 1.440033, train acc: 0.943506, train avg acc: 0.915667
Test 76, loss: 1.574401, test acc: 0.915721, test avg acc: 0.870750
Train 77, loss: 1.438448, train acc: 0.944320, train avg acc: 0.916555
Test 77, loss: 1.580207, test acc: 0.899919, test avg acc: 0.871959
Train 78, loss: 1.440112, train acc: 0.944625, train avg acc: 0.916451
Test 78, loss: 1.596369, test acc: 0.898298, test avg acc: 0.872041
Train 79, loss: 1.437269, train acc: 0.943607, train avg acc: 0.915397
Test 79, loss: 1.594610, test acc: 0.912480, test avg acc: 0.876750
Train 80, loss: 1.433846, train acc: 0.948493, train avg acc: 0.927763
Test 80, loss: 1.591178, test acc: 0.905186, test avg acc: 0.876791
Train 81, loss: 1.436539, train acc: 0.945847, train avg acc: 0.921479
Test 81, loss: 1.553576, test acc: 0.912480, test avg acc: 0.868291
Train 82, loss: 1.433488, train acc: 0.945338, train avg acc: 0.918503
Test 82, loss: 1.593571, test acc: 0.901945, test avg acc: 0.862558
Train 83, loss: 1.433016, train acc: 0.945949, train avg acc: 0.919946
Test 83, loss: 1.592455, test acc: 0.907618, test avg acc: 0.868378
Train 84, loss: 1.433751, train acc: 0.944727, train avg acc: 0.919795
Test 84, loss: 1.602605, test acc: 0.912480, test avg acc: 0.868593
Train 85, loss: 1.434315, train acc: 0.946050, train avg acc: 0.918280
Test 85, loss: 1.557287, test acc: 0.908023, test avg acc: 0.873203
Train 86, loss: 1.427836, train acc: 0.947883, train avg acc: 0.924310
Test 86, loss: 1.562121, test acc: 0.912480, test avg acc: 0.873209
Train 87, loss: 1.431073, train acc: 0.945338, train avg acc: 0.920925
Test 87, loss: 1.569072, test acc: 0.899514, test avg acc: 0.879785
Train 88, loss: 1.423724, train acc: 0.950733, train avg acc: 0.925372
Test 88, loss: 1.603696, test acc: 0.892626, test avg acc: 0.858081
Train 89, loss: 1.422710, train acc: 0.949002, train avg acc: 0.924957
Test 89, loss: 1.575673, test acc: 0.909643, test avg acc: 0.871622
Train 90, loss: 1.419739, train acc: 0.953074, train avg acc: 0.928520
Test 90, loss: 1.561524, test acc: 0.904781, test avg acc: 0.858285
Train 91, loss: 1.424857, train acc: 0.948392, train avg acc: 0.920733
Test 91, loss: 1.578606, test acc: 0.908023, test avg acc: 0.868116
Train 92, loss: 1.418042, train acc: 0.951751, train avg acc: 0.926517
Test 92, loss: 1.555865, test acc: 0.907618, test avg acc: 0.872959
Train 93, loss: 1.420742, train acc: 0.953379, train avg acc: 0.930421
Test 93, loss: 1.574117, test acc: 0.899514, test avg acc: 0.867262
Train 94, loss: 1.423411, train acc: 0.949206, train avg acc: 0.923964
Test 94, loss: 1.602203, test acc: 0.893841, test avg acc: 0.848500
Train 95, loss: 1.429810, train acc: 0.949817, train avg acc: 0.925310
Test 95, loss: 1.574843, test acc: 0.910859, test avg acc: 0.882413
Train 96, loss: 1.419348, train acc: 0.952056, train avg acc: 0.932396
Test 96, loss: 1.573189, test acc: 0.908833, test avg acc: 0.872488
Train 97, loss: 1.417490, train acc: 0.951242, train avg acc: 0.927674
Test 97, loss: 1.567393, test acc: 0.912885, test avg acc: 0.877919
Train 98, loss: 1.412546, train acc: 0.955924, train avg acc: 0.936420
Test 98, loss: 1.568454, test acc: 0.908428, test avg acc: 0.864953
Train 99, loss: 1.412955, train acc: 0.953787, train avg acc: 0.931993
Test 99, loss: 1.611459, test acc: 0.897893, test avg acc: 0.876872
Train 100, loss: 1.413479, train acc: 0.953278, train avg acc: 0.931534
Test 100, loss: 1.552743, test acc: 0.905592, test avg acc: 0.880169
Train 101, loss: 1.415930, train acc: 0.953278, train avg acc: 0.931564
Test 101, loss: 1.562344, test acc: 0.905186, test avg acc: 0.872826
Train 102, loss: 1.405399, train acc: 0.958062, train avg acc: 0.936637
Test 102, loss: 1.579648, test acc: 0.905997, test avg acc: 0.870163
Train 103, loss: 1.411852, train acc: 0.955924, train avg acc: 0.935443
Test 103, loss: 1.561056, test acc: 0.916532, test avg acc: 0.878994
Train 104, loss: 1.406784, train acc: 0.958876, train avg acc: 0.941202
Test 104, loss: 1.554675, test acc: 0.912480, test avg acc: 0.880953
Train 105, loss: 1.407137, train acc: 0.956128, train avg acc: 0.934296
Test 105, loss: 1.592428, test acc: 0.902755, test avg acc: 0.874622
Train 106, loss: 1.406770, train acc: 0.957960, train avg acc: 0.938699
Test 106, loss: 1.573872, test acc: 0.913695, test avg acc: 0.884541
Train 107, loss: 1.401215, train acc: 0.959691, train avg acc: 0.941521
Test 107, loss: 1.585882, test acc: 0.911669, test avg acc: 0.887337
Train 108, loss: 1.402199, train acc: 0.959589, train avg acc: 0.940476
Test 108, loss: 1.579637, test acc: 0.897893, test avg acc: 0.851953
Train 109, loss: 1.400423, train acc: 0.960505, train avg acc: 0.941634
Test 109, loss: 1.537321, test acc: 0.922609, test avg acc: 0.885372
Train 110, loss: 1.401932, train acc: 0.960810, train avg acc: 0.943298
Test 110, loss: 1.567671, test acc: 0.907212, test avg acc: 0.879285
Train 111, loss: 1.403412, train acc: 0.957655, train avg acc: 0.938212
Test 111, loss: 1.577830, test acc: 0.903160, test avg acc: 0.868628
Train 112, loss: 1.410625, train acc: 0.953787, train avg acc: 0.932124
Test 112, loss: 1.584008, test acc: 0.906807, test avg acc: 0.887076
Train 113, loss: 1.403333, train acc: 0.958469, train avg acc: 0.940040
Test 113, loss: 1.579002, test acc: 0.906807, test avg acc: 0.882134
Train 114, loss: 1.405134, train acc: 0.957146, train avg acc: 0.937071
Test 114, loss: 1.596796, test acc: 0.902755, test avg acc: 0.865128
Train 115, loss: 1.398351, train acc: 0.961014, train avg acc: 0.944178
Test 115, loss: 1.560551, test acc: 0.916126, test avg acc: 0.887035
Train 116, loss: 1.394570, train acc: 0.964271, train avg acc: 0.944881
Test 116, loss: 1.551900, test acc: 0.911264, test avg acc: 0.882913
Train 117, loss: 1.398622, train acc: 0.960098, train avg acc: 0.940299
Test 117, loss: 1.552174, test acc: 0.909643, test avg acc: 0.873831
Train 118, loss: 1.396055, train acc: 0.960912, train avg acc: 0.941844
Test 118, loss: 1.563323, test acc: 0.904376, test avg acc: 0.870919
Train 119, loss: 1.399726, train acc: 0.959894, train avg acc: 0.940716
Test 119, loss: 1.550863, test acc: 0.907618, test avg acc: 0.867203
Train 120, loss: 1.390642, train acc: 0.963864, train avg acc: 0.946360
Test 120, loss: 1.580141, test acc: 0.905997, test avg acc: 0.871942
Train 121, loss: 1.392433, train acc: 0.964882, train avg acc: 0.945837
Test 121, loss: 1.567884, test acc: 0.916126, test avg acc: 0.884581
Train 122, loss: 1.388148, train acc: 0.965289, train avg acc: 0.950088
Test 122, loss: 1.548985, test acc: 0.911669, test avg acc: 0.877297
Train 123, loss: 1.391434, train acc: 0.964882, train avg acc: 0.946159
Test 123, loss: 1.571972, test acc: 0.910049, test avg acc: 0.879965
Train 124, loss: 1.391563, train acc: 0.963762, train avg acc: 0.949290
Test 124, loss: 1.592368, test acc: 0.900729, test avg acc: 0.873459
Train 125, loss: 1.389483, train acc: 0.965086, train avg acc: 0.947905
Test 125, loss: 1.559194, test acc: 0.914100, test avg acc: 0.878744
Train 126, loss: 1.384318, train acc: 0.966002, train avg acc: 0.951951
Test 126, loss: 1.549338, test acc: 0.917747, test avg acc: 0.880785
Train 127, loss: 1.385187, train acc: 0.967020, train avg acc: 0.950849
Test 127, loss: 1.559152, test acc: 0.908833, test avg acc: 0.867041
Train 128, loss: 1.384183, train acc: 0.966103, train avg acc: 0.948864
Test 128, loss: 1.559676, test acc: 0.905997, test avg acc: 0.871494
Train 129, loss: 1.390015, train acc: 0.962948, train avg acc: 0.945453
Test 129, loss: 1.548307, test acc: 0.920583, test avg acc: 0.888913
Train 130, loss: 1.388249, train acc: 0.965696, train avg acc: 0.951496
Test 130, loss: 1.573552, test acc: 0.911264, test avg acc: 0.881221
Train 131, loss: 1.386223, train acc: 0.964780, train avg acc: 0.947162
Test 131, loss: 1.564206, test acc: 0.910859, test avg acc: 0.874372
Train 132, loss: 1.381934, train acc: 0.966714, train avg acc: 0.951249
Test 132, loss: 1.574773, test acc: 0.903971, test avg acc: 0.871285
Train 133, loss: 1.378497, train acc: 0.967020, train avg acc: 0.948870
Test 133, loss: 1.563238, test acc: 0.915316, test avg acc: 0.881291
Train 134, loss: 1.376068, train acc: 0.970379, train avg acc: 0.955931
Test 134, loss: 1.565335, test acc: 0.911669, test avg acc: 0.881703
Train 135, loss: 1.381798, train acc: 0.966816, train avg acc: 0.952505
Test 135, loss: 1.563010, test acc: 0.912480, test avg acc: 0.879581
Train 136, loss: 1.374311, train acc: 0.970888, train avg acc: 0.957849
Test 136, loss: 1.560720, test acc: 0.923825, test avg acc: 0.886703
Train 137, loss: 1.378760, train acc: 0.968648, train avg acc: 0.954952
Test 137, loss: 1.555341, test acc: 0.916532, test avg acc: 0.883076
Train 138, loss: 1.373155, train acc: 0.970175, train avg acc: 0.954435
Test 138, loss: 1.570389, test acc: 0.905186, test avg acc: 0.874087
Train 139, loss: 1.375711, train acc: 0.968852, train avg acc: 0.954888
Test 139, loss: 1.549621, test acc: 0.919368, test avg acc: 0.883494
Train 140, loss: 1.375166, train acc: 0.970480, train avg acc: 0.954197
Test 140, loss: 1.567223, test acc: 0.910454, test avg acc: 0.884244
Train 141, loss: 1.377750, train acc: 0.967936, train avg acc: 0.951536
Test 141, loss: 1.545570, test acc: 0.916126, test avg acc: 0.881052
Train 142, loss: 1.371236, train acc: 0.972822, train avg acc: 0.958478
Test 142, loss: 1.554590, test acc: 0.908833, test avg acc: 0.874587
Train 143, loss: 1.372151, train acc: 0.970888, train avg acc: 0.957257
Test 143, loss: 1.562669, test acc: 0.910859, test avg acc: 0.873163
Train 144, loss: 1.374690, train acc: 0.970684, train avg acc: 0.956546
Test 144, loss: 1.561463, test acc: 0.905997, test avg acc: 0.880500
Train 145, loss: 1.370317, train acc: 0.970379, train avg acc: 0.958394
Test 145, loss: 1.547925, test acc: 0.912480, test avg acc: 0.876709
Train 146, loss: 1.372272, train acc: 0.971906, train avg acc: 0.957248
Test 146, loss: 1.572504, test acc: 0.907212, test avg acc: 0.875110
Train 147, loss: 1.374210, train acc: 0.969768, train avg acc: 0.956279
Test 147, loss: 1.557732, test acc: 0.913695, test avg acc: 0.879791
Train 148, loss: 1.370708, train acc: 0.971295, train avg acc: 0.956938
Test 148, loss: 1.562718, test acc: 0.917747, test avg acc: 0.874494
Train 149, loss: 1.368029, train acc: 0.972720, train avg acc: 0.960899
Test 149, loss: 1.556620, test acc: 0.908428, test avg acc: 0.869081
Train 150, loss: 1.366835, train acc: 0.972414, train avg acc: 0.957327
Test 150, loss: 1.554350, test acc: 0.918152, test avg acc: 0.879907
Train 151, loss: 1.365782, train acc: 0.973941, train avg acc: 0.962752
Test 151, loss: 1.558431, test acc: 0.921394, test avg acc: 0.884535
Train 152, loss: 1.365708, train acc: 0.973331, train avg acc: 0.959568
Test 152, loss: 1.548147, test acc: 0.918963, test avg acc: 0.883953
Train 153, loss: 1.365998, train acc: 0.973840, train avg acc: 0.958949
Test 153, loss: 1.540793, test acc: 0.916937, test avg acc: 0.878703
Train 154, loss: 1.363422, train acc: 0.974043, train avg acc: 0.961329
Test 154, loss: 1.563093, test acc: 0.914506, test avg acc: 0.885506
Train 155, loss: 1.359579, train acc: 0.976588, train avg acc: 0.965146
Test 155, loss: 1.559456, test acc: 0.912885, test avg acc: 0.875000
Train 156, loss: 1.358781, train acc: 0.976079, train avg acc: 0.963750
Test 156, loss: 1.558816, test acc: 0.917747, test avg acc: 0.884203
Train 157, loss: 1.356877, train acc: 0.975977, train avg acc: 0.962137
Test 157, loss: 1.548931, test acc: 0.915316, test avg acc: 0.874959
Train 158, loss: 1.360195, train acc: 0.975977, train avg acc: 0.965214
Test 158, loss: 1.553328, test acc: 0.916937, test avg acc: 0.885448
Train 159, loss: 1.353570, train acc: 0.978624, train avg acc: 0.966062
Test 159, loss: 1.546791, test acc: 0.914100, test avg acc: 0.878581
Train 160, loss: 1.355523, train acc: 0.976588, train avg acc: 0.967253
Test 160, loss: 1.553650, test acc: 0.911669, test avg acc: 0.878285
Train 161, loss: 1.359887, train acc: 0.975977, train avg acc: 0.964975
Test 161, loss: 1.571382, test acc: 0.912075, test avg acc: 0.879413
Train 162, loss: 1.354263, train acc: 0.978522, train avg acc: 0.966537
Test 162, loss: 1.555625, test acc: 0.918963, test avg acc: 0.891116
Train 163, loss: 1.353739, train acc: 0.979438, train avg acc: 0.970001
Test 163, loss: 1.563081, test acc: 0.913290, test avg acc: 0.884919
Train 164, loss: 1.352054, train acc: 0.979438, train avg acc: 0.970159
Test 164, loss: 1.563881, test acc: 0.909643, test avg acc: 0.881366
Train 165, loss: 1.353187, train acc: 0.977911, train avg acc: 0.969308
Test 165, loss: 1.550816, test acc: 0.908023, test avg acc: 0.882047
Train 166, loss: 1.355784, train acc: 0.977606, train avg acc: 0.967313
Test 166, loss: 1.570967, test acc: 0.908428, test avg acc: 0.872878
Train 167, loss: 1.355374, train acc: 0.977708, train avg acc: 0.965784
Test 167, loss: 1.563572, test acc: 0.915316, test avg acc: 0.888622
Train 168, loss: 1.352017, train acc: 0.978929, train avg acc: 0.968649
Test 168, loss: 1.551752, test acc: 0.918558, test avg acc: 0.889041
Train 169, loss: 1.348351, train acc: 0.979133, train avg acc: 0.969246
Test 169, loss: 1.561715, test acc: 0.914506, test avg acc: 0.883669
Train 170, loss: 1.348251, train acc: 0.982390, train avg acc: 0.973639
Test 170, loss: 1.551973, test acc: 0.914506, test avg acc: 0.886953
Train 171, loss: 1.350138, train acc: 0.978217, train avg acc: 0.967733
Test 171, loss: 1.550040, test acc: 0.918152, test avg acc: 0.885378
Train 172, loss: 1.351946, train acc: 0.978827, train avg acc: 0.968630
Test 172, loss: 1.550864, test acc: 0.917342, test avg acc: 0.881669
Train 173, loss: 1.344197, train acc: 0.982186, train avg acc: 0.973969
Test 173, loss: 1.560841, test acc: 0.918152, test avg acc: 0.888198
Train 174, loss: 1.344520, train acc: 0.980965, train avg acc: 0.971129
Test 174, loss: 1.548403, test acc: 0.920989, test avg acc: 0.884041
Train 175, loss: 1.348057, train acc: 0.980761, train avg acc: 0.973765
Test 175, loss: 1.554996, test acc: 0.921799, test avg acc: 0.892413
Train 176, loss: 1.344167, train acc: 0.981372, train avg acc: 0.974553
Test 176, loss: 1.552206, test acc: 0.923015, test avg acc: 0.890244
Train 177, loss: 1.341253, train acc: 0.981881, train avg acc: 0.973605
Test 177, loss: 1.558508, test acc: 0.918152, test avg acc: 0.893913
Train 178, loss: 1.344585, train acc: 0.981067, train avg acc: 0.972125
Test 178, loss: 1.549339, test acc: 0.915721, test avg acc: 0.885326
Train 179, loss: 1.340217, train acc: 0.983204, train avg acc: 0.975342
Test 179, loss: 1.543708, test acc: 0.919773, test avg acc: 0.885703
Train 180, loss: 1.338822, train acc: 0.985342, train avg acc: 0.978224
Test 180, loss: 1.546115, test acc: 0.926256, test avg acc: 0.892657
Train 181, loss: 1.341866, train acc: 0.981779, train avg acc: 0.974044
Test 181, loss: 1.551402, test acc: 0.923420, test avg acc: 0.890448
Train 182, loss: 1.342749, train acc: 0.981983, train avg acc: 0.972663
Test 182, loss: 1.537573, test acc: 0.921394, test avg acc: 0.887994
Train 183, loss: 1.338266, train acc: 0.983815, train avg acc: 0.975658
Test 183, loss: 1.527977, test acc: 0.923825, test avg acc: 0.889494
Train 184, loss: 1.339535, train acc: 0.983001, train avg acc: 0.975032
Test 184, loss: 1.534368, test acc: 0.920178, test avg acc: 0.885826
Train 185, loss: 1.339395, train acc: 0.981983, train avg acc: 0.973415
Test 185, loss: 1.550006, test acc: 0.918558, test avg acc: 0.889541
Train 186, loss: 1.339648, train acc: 0.981983, train avg acc: 0.971672
Test 186, loss: 1.544895, test acc: 0.924230, test avg acc: 0.893535
Train 187, loss: 1.334245, train acc: 0.985342, train avg acc: 0.978495
Test 187, loss: 1.537688, test acc: 0.922204, test avg acc: 0.890453
Train 188, loss: 1.332303, train acc: 0.985749, train avg acc: 0.978795
Test 188, loss: 1.536536, test acc: 0.920989, test avg acc: 0.890453
Train 189, loss: 1.334625, train acc: 0.984121, train avg acc: 0.976412
Test 189, loss: 1.544250, test acc: 0.922204, test avg acc: 0.891291
Train 190, loss: 1.333858, train acc: 0.982492, train avg acc: 0.972520
Test 190, loss: 1.538029, test acc: 0.920989, test avg acc: 0.884785
Train 191, loss: 1.333179, train acc: 0.984222, train avg acc: 0.975300
Test 191, loss: 1.549390, test acc: 0.920989, test avg acc: 0.893157
Train 192, loss: 1.334379, train acc: 0.982899, train avg acc: 0.975729
Test 192, loss: 1.538421, test acc: 0.923825, test avg acc: 0.888622
Train 193, loss: 1.333603, train acc: 0.984019, train avg acc: 0.975249
Test 193, loss: 1.535895, test acc: 0.923420, test avg acc: 0.892041
Train 194, loss: 1.329820, train acc: 0.984629, train avg acc: 0.977599
Test 194, loss: 1.540636, test acc: 0.920989, test avg acc: 0.888494
Train 195, loss: 1.332952, train acc: 0.985546, train avg acc: 0.978489
Test 195, loss: 1.541050, test acc: 0.920583, test avg acc: 0.885163
Train 196, loss: 1.330584, train acc: 0.986767, train avg acc: 0.978807
Test 196, loss: 1.549294, test acc: 0.920178, test avg acc: 0.890703
Train 197, loss: 1.332880, train acc: 0.982695, train avg acc: 0.975273
Test 197, loss: 1.546768, test acc: 0.916937, test avg acc: 0.888959
Train 198, loss: 1.328773, train acc: 0.985851, train avg acc: 0.980426
Test 198, loss: 1.544576, test acc: 0.924635, test avg acc: 0.895326
Train 199, loss: 1.330769, train acc: 0.985749, train avg acc: 0.980024
Test 199, loss: 1.534688, test acc: 0.920989, test avg acc: 0.888616
Train 200, loss: 1.330733, train acc: 0.986869, train avg acc: 0.981640
Test 200, loss: 1.541849, test acc: 0.918963, test avg acc: 0.885494
Train 201, loss: 1.327545, train acc: 0.986767, train avg acc: 0.980279
Test 201, loss: 1.537228, test acc: 0.925041, test avg acc: 0.891698
Train 202, loss: 1.326925, train acc: 0.987174, train avg acc: 0.981005
Test 202, loss: 1.532585, test acc: 0.921799, test avg acc: 0.889494
Train 203, loss: 1.327423, train acc: 0.988294, train avg acc: 0.982942
Test 203, loss: 1.532827, test acc: 0.923015, test avg acc: 0.891826
Train 204, loss: 1.328852, train acc: 0.985138, train avg acc: 0.978763
Test 204, loss: 1.529118, test acc: 0.925446, test avg acc: 0.888285
Train 205, loss: 1.324747, train acc: 0.987989, train avg acc: 0.982372
Test 205, loss: 1.541347, test acc: 0.922609, test avg acc: 0.887913
Train 206, loss: 1.324512, train acc: 0.986462, train avg acc: 0.980417
Test 206, loss: 1.534491, test acc: 0.923825, test avg acc: 0.889157
Train 207, loss: 1.324398, train acc: 0.987683, train avg acc: 0.982656
Test 207, loss: 1.532231, test acc: 0.921394, test avg acc: 0.888494
Train 208, loss: 1.324771, train acc: 0.987276, train avg acc: 0.981265
Test 208, loss: 1.537324, test acc: 0.920989, test avg acc: 0.890663
Train 209, loss: 1.325128, train acc: 0.987276, train avg acc: 0.982289
Test 209, loss: 1.536474, test acc: 0.923015, test avg acc: 0.891738
Train 210, loss: 1.324997, train acc: 0.987174, train avg acc: 0.980116
Test 210, loss: 1.531200, test acc: 0.924230, test avg acc: 0.890366
Train 211, loss: 1.325506, train acc: 0.986767, train avg acc: 0.981830
Test 211, loss: 1.534097, test acc: 0.925851, test avg acc: 0.888744
Train 212, loss: 1.321915, train acc: 0.988294, train avg acc: 0.981671
Test 212, loss: 1.531417, test acc: 0.924230, test avg acc: 0.890116
Train 213, loss: 1.323202, train acc: 0.987072, train avg acc: 0.980371
Test 213, loss: 1.539597, test acc: 0.922609, test avg acc: 0.892826
Train 214, loss: 1.323005, train acc: 0.987072, train avg acc: 0.981480
Test 214, loss: 1.535039, test acc: 0.923015, test avg acc: 0.891076
Train 215, loss: 1.322157, train acc: 0.988294, train avg acc: 0.982506
Test 215, loss: 1.534019, test acc: 0.924635, test avg acc: 0.890657
Train 216, loss: 1.321263, train acc: 0.989414, train avg acc: 0.984339
Test 216, loss: 1.527677, test acc: 0.922609, test avg acc: 0.890785
Train 217, loss: 1.321261, train acc: 0.986156, train avg acc: 0.978636
Test 217, loss: 1.537154, test acc: 0.920989, test avg acc: 0.886116
Train 218, loss: 1.319936, train acc: 0.988090, train avg acc: 0.983072
Test 218, loss: 1.532878, test acc: 0.922204, test avg acc: 0.887453
Train 219, loss: 1.319942, train acc: 0.989210, train avg acc: 0.983990
Test 219, loss: 1.531032, test acc: 0.922204, test avg acc: 0.887576
Train 220, loss: 1.321071, train acc: 0.988803, train avg acc: 0.983950
Test 220, loss: 1.530138, test acc: 0.923015, test avg acc: 0.890244
Train 221, loss: 1.319348, train acc: 0.989515, train avg acc: 0.984032
Test 221, loss: 1.529834, test acc: 0.923825, test avg acc: 0.887907
Train 222, loss: 1.325173, train acc: 0.985749, train avg acc: 0.978236
Test 222, loss: 1.529603, test acc: 0.923825, test avg acc: 0.887326
Train 223, loss: 1.320189, train acc: 0.989312, train avg acc: 0.983378
Test 223, loss: 1.531923, test acc: 0.923015, test avg acc: 0.886238
Train 224, loss: 1.319326, train acc: 0.988498, train avg acc: 0.982978
Test 224, loss: 1.532563, test acc: 0.923420, test avg acc: 0.890616
Train 225, loss: 1.318743, train acc: 0.990432, train avg acc: 0.986511
Test 225, loss: 1.522403, test acc: 0.924635, test avg acc: 0.890866
Train 226, loss: 1.318659, train acc: 0.988192, train avg acc: 0.982960
Test 226, loss: 1.532332, test acc: 0.924230, test avg acc: 0.889657
Train 227, loss: 1.318215, train acc: 0.989719, train avg acc: 0.984695
Test 227, loss: 1.533979, test acc: 0.925041, test avg acc: 0.887448
Train 228, loss: 1.318338, train acc: 0.989414, train avg acc: 0.985458
Test 228, loss: 1.532209, test acc: 0.925041, test avg acc: 0.889076
Train 229, loss: 1.316562, train acc: 0.990330, train avg acc: 0.986111
Test 229, loss: 1.525435, test acc: 0.924635, test avg acc: 0.887953
Train 230, loss: 1.316728, train acc: 0.990432, train avg acc: 0.985259
Test 230, loss: 1.528774, test acc: 0.925041, test avg acc: 0.890366
Train 231, loss: 1.316509, train acc: 0.989617, train avg acc: 0.984513
Test 231, loss: 1.533322, test acc: 0.927877, test avg acc: 0.894407
Train 232, loss: 1.318574, train acc: 0.989719, train avg acc: 0.984650
Test 232, loss: 1.526318, test acc: 0.926661, test avg acc: 0.894657
Train 233, loss: 1.318850, train acc: 0.989821, train avg acc: 0.984894
Test 233, loss: 1.527286, test acc: 0.925851, test avg acc: 0.891326
Train 234, loss: 1.314374, train acc: 0.991653, train avg acc: 0.988616
Test 234, loss: 1.527539, test acc: 0.925851, test avg acc: 0.892866
Train 235, loss: 1.314551, train acc: 0.990737, train avg acc: 0.987984
Test 235, loss: 1.524440, test acc: 0.926661, test avg acc: 0.892988
Train 236, loss: 1.317909, train acc: 0.988498, train avg acc: 0.983545
Test 236, loss: 1.529069, test acc: 0.924230, test avg acc: 0.891866
Train 237, loss: 1.319075, train acc: 0.988905, train avg acc: 0.983420
Test 237, loss: 1.527917, test acc: 0.926256, test avg acc: 0.892238
Train 238, loss: 1.318605, train acc: 0.989210, train avg acc: 0.984367
Test 238, loss: 1.528053, test acc: 0.925851, test avg acc: 0.892907
Train 239, loss: 1.314806, train acc: 0.990432, train avg acc: 0.985597
Test 239, loss: 1.535656, test acc: 0.926661, test avg acc: 0.891698
Train 240, loss: 1.316384, train acc: 0.990126, train avg acc: 0.984612
Test 240, loss: 1.527660, test acc: 0.926661, test avg acc: 0.893366
Train 241, loss: 1.319304, train acc: 0.989210, train avg acc: 0.983376
Test 241, loss: 1.530422, test acc: 0.924230, test avg acc: 0.892326
Train 242, loss: 1.312689, train acc: 0.991042, train avg acc: 0.986841
Test 242, loss: 1.532844, test acc: 0.928687, test avg acc: 0.896657
Train 243, loss: 1.319458, train acc: 0.987785, train avg acc: 0.982561
Test 243, loss: 1.532556, test acc: 0.926256, test avg acc: 0.892907
Train 244, loss: 1.317498, train acc: 0.990024, train avg acc: 0.985309
Test 244, loss: 1.532213, test acc: 0.926256, test avg acc: 0.893994
Train 245, loss: 1.314531, train acc: 0.990635, train avg acc: 0.987184
Test 245, loss: 1.528764, test acc: 0.925851, test avg acc: 0.893785
Train 246, loss: 1.315838, train acc: 0.989923, train avg acc: 0.985252
Test 246, loss: 1.526242, test acc: 0.926661, test avg acc: 0.894285
Train 247, loss: 1.320053, train acc: 0.987480, train avg acc: 0.982851
Test 247, loss: 1.533678, test acc: 0.924635, test avg acc: 0.890035
Train 248, loss: 1.315603, train acc: 0.991755, train avg acc: 0.988422
Test 248, loss: 1.528426, test acc: 0.926256, test avg acc: 0.895535
Train 249, loss: 1.317456, train acc: 0.990024, train avg acc: 0.984713
Test 249, loss: 1.534695, test acc: 0.926661, test avg acc: 0.895285
Best test acc: 0.9286871961102107
